<?xml version="1.0" encoding="UTF-8"?>
<!-- Generated by org.testng.reporters.JUnitXMLReporter -->
<testsuite ignored="0" hostname="Deeps" failures="0" tests="2" name="Default test" time="9.641" errors="0" timestamp="2026-04-25T18:17:24 IST">
  <testcase classname="com.srm.framework.tests.TableTests" name="shouldDisplayStaticTableHeaders" time="2.995"/>
  <testcase classname="com.srm.framework.tests.TableTests" name="shouldRefreshDynamicTableRows" time="2.605"/>
</testsuite> <!-- Default test -->
