<?xml version="1.0" encoding="UTF-8"?>
<!-- Generated by org.testng.reporters.JUnitXMLReporter -->
<testsuite ignored="0" hostname="Deeps" failures="0" tests="5" name="DynamicAndFrames" time="36.639" errors="0" timestamp="2026-04-25T18:25:11 IST">
  <testcase classname="com.srm.framework.tests.DynamicTests" name="shouldFollowRedirect" time="5.252"/>
  <testcase classname="com.srm.framework.tests.DynamicTests" name="shouldInteractWithDynamicButton" time="2.362"/>
  <testcase classname="com.srm.framework.tests.FrameTests" name="shouldAccessIframeContent" time="17.648"/>
  <testcase classname="com.srm.framework.tests.FrameTests" name="shouldAccessNestedFrameContent" time="3.041"/>
  <testcase classname="com.srm.framework.tests.FrameTests" name="shouldReturnToDefaultContent" time="2.618"/>
</testsuite> <!-- DynamicAndFrames -->
