<?xml version="1.0" encoding="UTF-8"?>
<!-- Generated by org.testng.reporters.JUnitXMLReporter -->
<testsuite ignored="0" hostname="Chinnu" failures="1" tests="5" name="DynamicAndFrames" time="72.359" errors="0" timestamp="2026-04-27T16:13:22 IST">
  <testcase classname="com.srm.framework.tests.DynamicTests" name="shouldFollowRedirect" time="11.86"/>
  <testcase classname="com.srm.framework.tests.DynamicTests" name="shouldInteractWithDynamicButton" time="6.2"/>
  <testcase classname="com.srm.framework.tests.FrameTests" name="shouldAccessIframeContent" time="36.239">
    <failure type="java.lang.AssertionError" message="Expected iframe content was not interactable. expected [true] but found [false]">
      <![CDATA[java.lang.AssertionError: Expected iframe content was not interactable. expected [true] but found [false]
at com.srm.framework.tests.FrameTests.shouldAccessIframeContent(FrameTests.java:17)
at java.base/java.util.ArrayList.forEach(ArrayList.java:1511)
at java.base/java.util.concurrent.FutureTask.run(FutureTask.java:264)
at java.base/java.util.concurrent.ThreadPoolExecutor.runWorker(ThreadPoolExecutor.java:1136)
at java.base/java.util.concurrent.ThreadPoolExecutor$Worker.run(ThreadPoolExecutor.java:635)
at java.base/java.lang.Thread.run(Thread.java:842)
... Removed 20 stack frames]]>
    </failure>
  </testcase> <!-- shouldAccessIframeContent -->
  <testcase classname="com.srm.framework.tests.FrameTests" name="shouldAccessNestedFrameContent" time="6.799"/>
  <testcase classname="com.srm.framework.tests.FrameTests" name="shouldReturnToDefaultContent" time="6.484"/>
</testsuite> <!-- DynamicAndFrames -->
