<?xml version="1.0" encoding="UTF-8"?>
<!-- Generated by org.testng.reporters.JUnitXMLReporter -->
<testsuite ignored="0" hostname="Chinnu" failures="0" tests="4" name="HomeAndForms" time="42.399" errors="0" timestamp="2026-04-27T16:12:13 IST">
  <testcase classname="com.srm.framework.tests.HomeTest" name="verifyHomePage" time="4.817"/>
  <testcase classname="com.srm.framework.tests.FormTests" name="shouldHandleEmptyHtmlFormSubmission" time="8.624"/>
  <testcase classname="com.srm.framework.tests.FormTests" name="shouldSubmitHtmlFormWithValidData" time="10.316"/>
  <testcase classname="com.srm.framework.tests.FormTests" name="shouldSubmitHtmlFormWithValidData" time="12.298"/>
</testsuite> <!-- HomeAndForms -->
