<?xml version="1.0" encoding="UTF-8"?>
<!-- Generated by org.testng.reporters.JUnitXMLReporter -->
<testsuite ignored="0" hostname="Deeps" failures="0" tests="4" name="HomeAndForms" time="31.719" errors="0" timestamp="2026-04-25T18:24:36 IST">
  <testcase classname="com.srm.framework.tests.HomeTest" name="verifyHomePage" time="4.369"/>
  <testcase classname="com.srm.framework.tests.FormTests" name="shouldHandleEmptyHtmlFormSubmission" time="3.27"/>
  <testcase classname="com.srm.framework.tests.FormTests" name="shouldSubmitHtmlFormWithValidData" time="8.78"/>
  <testcase classname="com.srm.framework.tests.FormTests" name="shouldSubmitHtmlFormWithValidData" time="7.327"/>
</testsuite> <!-- HomeAndForms -->
