<?xml version="1.0" encoding="UTF-8"?>
<!-- Generated by org.testng.reporters.JUnitXMLReporter -->
<testsuite ignored="0" hostname="Chinnu" failures="0" tests="6" name="TablesAndAlerts" time="38.67" errors="0" timestamp="2026-04-27T16:12:09 IST">
  <testcase classname="com.srm.framework.tests.TableTests" name="shouldDisplayStaticTableHeaders" time="6.318"/>
  <testcase classname="com.srm.framework.tests.TableTests" name="shouldRefreshDynamicTableRows" time="3.627"/>
  <testcase classname="com.srm.framework.tests.AlertTests" name="shouldAcceptAlert" time="7.253"/>
  <testcase classname="com.srm.framework.tests.AlertTests" name="shouldAcceptConfirm" time="3.429"/>
  <testcase classname="com.srm.framework.tests.AlertTests" name="shouldDismissConfirm" time="4.759"/>
  <testcase classname="com.srm.framework.tests.AlertTests" name="shouldSubmitPrompt" time="5.721"/>
</testsuite> <!-- TablesAndAlerts -->
