<?xml version="1.0" encoding="UTF-8"?>
<!-- Generated by org.testng.reporters.JUnitXMLReporter -->
<testsuite ignored="0" hostname="Deeps" failures="0" tests="6" name="TablesAndAlerts" time="29.766" errors="0" timestamp="2026-04-25T18:24:34 IST">
  <testcase classname="com.srm.framework.tests.TableTests" name="shouldDisplayStaticTableHeaders" time="3.053"/>
  <testcase classname="com.srm.framework.tests.TableTests" name="shouldRefreshDynamicTableRows" time="2.54"/>
  <testcase classname="com.srm.framework.tests.AlertTests" name="shouldAcceptAlert" time="3.458"/>
  <testcase classname="com.srm.framework.tests.AlertTests" name="shouldAcceptConfirm" time="3.088"/>
  <testcase classname="com.srm.framework.tests.AlertTests" name="shouldDismissConfirm" time="4.595"/>
  <testcase classname="com.srm.framework.tests.AlertTests" name="shouldSubmitPrompt" time="3.254"/>
</testsuite> <!-- TablesAndAlerts -->
