<?xml version="1.0" encoding="UTF-8"?>
<testng-results ignored="0" total="15" passed="14" failed="1" skipped="0">
  <reporter-output>
  </reporter-output>
  <suite started-at="2026-04-27T16:11:30 IST" name="AdminPanelAutomationSuite" finished-at="2026-04-27T16:13:22 IST" duration-ms="111626">
    <groups>
    </groups>
    <test started-at="2026-04-27T16:11:30 IST" name="TablesAndAlerts" finished-at="2026-04-27T16:12:09 IST" duration-ms="38670">
      <class name="com.srm.framework.tests.AlertTests">
        <test-method is-config="true" signature="setUp()[pri:0, instance:com.srm.framework.tests.AlertTests@24c22fe]" started-at="2026-04-27T16:11:44 IST" name="setUp" finished-at="2026-04-27T16:11:44 IST" duration-ms="703" status="PASS">
          <reporter-output>
          </reporter-output>
        </test-method> <!-- setUp -->
        <test-method signature="shouldAcceptAlert()[pri:0, instance:com.srm.framework.tests.AlertTests@24c22fe]" started-at="2026-04-27T16:11:44 IST" name="shouldAcceptAlert" description="Accept the JavaScript alert and verify alert text" finished-at="2026-04-27T16:11:52 IST" duration-ms="7253" status="PASS">
          <reporter-output>
          </reporter-output>
        </test-method> <!-- shouldAcceptAlert -->
        <test-method is-config="true" signature="tearDown()[pri:0, instance:com.srm.framework.tests.AlertTests@24c22fe]" started-at="2026-04-27T16:11:52 IST" name="tearDown" finished-at="2026-04-27T16:11:52 IST" duration-ms="283" status="PASS">
          <reporter-output>
          </reporter-output>
        </test-method> <!-- tearDown -->
        <test-method is-config="true" signature="setUp()[pri:0, instance:com.srm.framework.tests.AlertTests@24c22fe]" started-at="2026-04-27T16:11:52 IST" name="setUp" finished-at="2026-04-27T16:11:53 IST" duration-ms="840" status="PASS">
          <reporter-output>
          </reporter-output>
        </test-method> <!-- setUp -->
        <test-method signature="shouldAcceptConfirm()[pri:0, instance:com.srm.framework.tests.AlertTests@24c22fe]" started-at="2026-04-27T16:11:53 IST" name="shouldAcceptConfirm" description="Accept the JavaScript confirm dialog and verify text" finished-at="2026-04-27T16:11:56 IST" duration-ms="3429" status="PASS">
          <reporter-output>
          </reporter-output>
        </test-method> <!-- shouldAcceptConfirm -->
        <test-method is-config="true" signature="tearDown()[pri:0, instance:com.srm.framework.tests.AlertTests@24c22fe]" started-at="2026-04-27T16:11:56 IST" name="tearDown" finished-at="2026-04-27T16:11:56 IST" duration-ms="251" status="PASS">
          <reporter-output>
          </reporter-output>
        </test-method> <!-- tearDown -->
        <test-method is-config="true" signature="setUp()[pri:0, instance:com.srm.framework.tests.AlertTests@24c22fe]" started-at="2026-04-27T16:11:56 IST" name="setUp" finished-at="2026-04-27T16:11:57 IST" duration-ms="731" status="PASS">
          <reporter-output>
          </reporter-output>
        </test-method> <!-- setUp -->
        <test-method signature="shouldDismissConfirm()[pri:0, instance:com.srm.framework.tests.AlertTests@24c22fe]" started-at="2026-04-27T16:11:57 IST" name="shouldDismissConfirm" description="Dismiss the JavaScript confirm dialog and verify text" finished-at="2026-04-27T16:12:02 IST" duration-ms="4759" status="PASS">
          <reporter-output>
          </reporter-output>
        </test-method> <!-- shouldDismissConfirm -->
        <test-method is-config="true" signature="tearDown()[pri:0, instance:com.srm.framework.tests.AlertTests@24c22fe]" started-at="2026-04-27T16:12:02 IST" name="tearDown" finished-at="2026-04-27T16:12:02 IST" duration-ms="283" status="PASS">
          <reporter-output>
          </reporter-output>
        </test-method> <!-- tearDown -->
        <test-method is-config="true" signature="setUp()[pri:0, instance:com.srm.framework.tests.AlertTests@24c22fe]" started-at="2026-04-27T16:12:02 IST" name="setUp" finished-at="2026-04-27T16:12:03 IST" duration-ms="739" status="PASS">
          <reporter-output>
          </reporter-output>
        </test-method> <!-- setUp -->
        <test-method signature="shouldSubmitPrompt()[pri:0, instance:com.srm.framework.tests.AlertTests@24c22fe]" started-at="2026-04-27T16:12:03 IST" name="shouldSubmitPrompt" description="Type into the JavaScript prompt and verify prompt workflow" finished-at="2026-04-27T16:12:09 IST" duration-ms="5721" status="PASS">
          <reporter-output>
          </reporter-output>
        </test-method> <!-- shouldSubmitPrompt -->
        <test-method is-config="true" signature="tearDown()[pri:0, instance:com.srm.framework.tests.AlertTests@24c22fe]" started-at="2026-04-27T16:12:09 IST" name="tearDown" finished-at="2026-04-27T16:12:09 IST" duration-ms="259" status="PASS">
          <reporter-output>
          </reporter-output>
        </test-method> <!-- tearDown -->
      </class> <!-- com.srm.framework.tests.AlertTests -->
      <class name="com.srm.framework.tests.TableTests">
        <test-method is-config="true" signature="setUp()[pri:0, instance:com.srm.framework.tests.TableTests@13bc8645]" started-at="2026-04-27T16:11:30 IST" name="setUp" finished-at="2026-04-27T16:11:32 IST" duration-ms="1911" status="PASS">
          <reporter-output>
          </reporter-output>
        </test-method> <!-- setUp -->
        <test-method signature="shouldDisplayStaticTableHeaders()[pri:0, instance:com.srm.framework.tests.TableTests@13bc8645]" started-at="2026-04-27T16:11:32 IST" name="shouldDisplayStaticTableHeaders" description="Verify table headers are present on the static table page" finished-at="2026-04-27T16:11:39 IST" duration-ms="6318" status="PASS">
          <reporter-output>
          </reporter-output>
        </test-method> <!-- shouldDisplayStaticTableHeaders -->
        <test-method is-config="true" signature="tearDown()[pri:0, instance:com.srm.framework.tests.TableTests@13bc8645]" started-at="2026-04-27T16:11:39 IST" name="tearDown" finished-at="2026-04-27T16:11:39 IST" duration-ms="216" status="PASS">
          <reporter-output>
          </reporter-output>
        </test-method> <!-- tearDown -->
        <test-method is-config="true" signature="setUp()[pri:0, instance:com.srm.framework.tests.TableTests@13bc8645]" started-at="2026-04-27T16:11:39 IST" name="setUp" finished-at="2026-04-27T16:11:40 IST" duration-ms="941" status="PASS">
          <reporter-output>
          </reporter-output>
        </test-method> <!-- setUp -->
        <test-method signature="shouldRefreshDynamicTableRows()[pri:0, instance:com.srm.framework.tests.TableTests@13bc8645]" started-at="2026-04-27T16:11:40 IST" name="shouldRefreshDynamicTableRows" description="Verify row data changes after refreshing the dynamic table data" finished-at="2026-04-27T16:11:43 IST" duration-ms="3627" status="PASS">
          <reporter-output>
          </reporter-output>
        </test-method> <!-- shouldRefreshDynamicTableRows -->
        <test-method is-config="true" signature="tearDown()[pri:0, instance:com.srm.framework.tests.TableTests@13bc8645]" started-at="2026-04-27T16:11:43 IST" name="tearDown" finished-at="2026-04-27T16:11:44 IST" duration-ms="299" status="PASS">
          <reporter-output>
          </reporter-output>
        </test-method> <!-- tearDown -->
      </class> <!-- com.srm.framework.tests.TableTests -->
    </test> <!-- TablesAndAlerts -->
    <test started-at="2026-04-27T16:11:30 IST" name="HomeAndForms" finished-at="2026-04-27T16:12:13 IST" duration-ms="42399">
      <class name="com.srm.framework.tests.HomeTest">
        <test-method is-config="true" signature="setUp()[pri:0, instance:com.srm.framework.tests.HomeTest@20bd8be5]" started-at="2026-04-27T16:11:30 IST" name="setUp" finished-at="2026-04-27T16:11:32 IST" duration-ms="1911" status="PASS">
          <reporter-output>
          </reporter-output>
        </test-method> <!-- setUp -->
        <test-method signature="verifyHomePage()[pri:0, instance:com.srm.framework.tests.HomeTest@20bd8be5]" started-at="2026-04-27T16:11:32 IST" name="verifyHomePage" description="Verify the AUT landing page is reachable and behaves like the framework home dashboard" finished-at="2026-04-27T16:11:37 IST" duration-ms="4817" status="PASS">
          <reporter-output>
          </reporter-output>
        </test-method> <!-- verifyHomePage -->
        <test-method is-config="true" signature="tearDown()[pri:0, instance:com.srm.framework.tests.HomeTest@20bd8be5]" started-at="2026-04-27T16:11:37 IST" name="tearDown" finished-at="2026-04-27T16:11:38 IST" duration-ms="661" status="PASS">
          <reporter-output>
          </reporter-output>
        </test-method> <!-- tearDown -->
      </class> <!-- com.srm.framework.tests.HomeTest -->
      <class name="com.srm.framework.tests.FormTests">
        <test-method is-config="true" signature="setUp()[pri:0, instance:com.srm.framework.tests.FormTests@16612a51]" started-at="2026-04-27T16:11:38 IST" name="setUp" finished-at="2026-04-27T16:11:39 IST" duration-ms="839" status="PASS">
          <reporter-output>
          </reporter-output>
        </test-method> <!-- setUp -->
        <test-method signature="shouldHandleEmptyHtmlFormSubmission()[pri:0, instance:com.srm.framework.tests.FormTests@16612a51]" started-at="2026-04-27T16:11:39 IST" name="shouldHandleEmptyHtmlFormSubmission" description="Submit the HTML form with empty values and verify the response still renders" finished-at="2026-04-27T16:11:47 IST" duration-ms="8624" status="PASS">
          <reporter-output>
          </reporter-output>
        </test-method> <!-- shouldHandleEmptyHtmlFormSubmission -->
        <test-method is-config="true" signature="tearDown()[pri:0, instance:com.srm.framework.tests.FormTests@16612a51]" started-at="2026-04-27T16:11:47 IST" name="tearDown" finished-at="2026-04-27T16:11:47 IST" duration-ms="253" status="PASS">
          <reporter-output>
          </reporter-output>
        </test-method> <!-- tearDown -->
        <test-method is-config="true" signature="setUp()[pri:0, instance:com.srm.framework.tests.FormTests@16612a51]" started-at="2026-04-27T16:11:48 IST" name="setUp" finished-at="2026-04-27T16:11:49 IST" duration-ms="773" status="PASS">
          <reporter-output>
          </reporter-output>
        </test-method> <!-- setUp -->
        <test-method signature="shouldSubmitHtmlFormWithValidData(com.srm.framework.model.FormData)[pri:0, instance:com.srm.framework.tests.FormTests@16612a51]" started-at="2026-04-27T16:11:49 IST" name="shouldSubmitHtmlFormWithValidData" description="Submit the HTML form using multiple data sets" data-provider="htmlFormData" finished-at="2026-04-27T16:11:59 IST" duration-ms="10316" status="PASS">
          <params>
            <param index="0">
              <value>
                <![CDATA[com.srm.framework.model.FormData@5054ca92]]>
              </value>
            </param>
          </params>
          <reporter-output>
          </reporter-output>
        </test-method> <!-- shouldSubmitHtmlFormWithValidData -->
        <test-method is-config="true" signature="tearDown()[pri:0, instance:com.srm.framework.tests.FormTests@16612a51]" started-at="2026-04-27T16:11:59 IST" name="tearDown" finished-at="2026-04-27T16:11:59 IST" duration-ms="368" status="PASS">
          <reporter-output>
          </reporter-output>
        </test-method> <!-- tearDown -->
        <test-method is-config="true" signature="setUp()[pri:0, instance:com.srm.framework.tests.FormTests@16612a51]" started-at="2026-04-27T16:11:59 IST" name="setUp" finished-at="2026-04-27T16:12:00 IST" duration-ms="700" status="PASS">
          <reporter-output>
          </reporter-output>
        </test-method> <!-- setUp -->
        <test-method signature="shouldSubmitHtmlFormWithValidData(com.srm.framework.model.FormData)[pri:0, instance:com.srm.framework.tests.FormTests@16612a51]" started-at="2026-04-27T16:12:00 IST" name="shouldSubmitHtmlFormWithValidData" description="Submit the HTML form using multiple data sets" data-provider="htmlFormData" finished-at="2026-04-27T16:12:12 IST" duration-ms="12298" status="PASS">
          <params>
            <param index="0">
              <value>
                <![CDATA[com.srm.framework.model.FormData@6bdc5861]]>
              </value>
            </param>
          </params>
          <reporter-output>
          </reporter-output>
        </test-method> <!-- shouldSubmitHtmlFormWithValidData -->
        <test-method is-config="true" signature="tearDown()[pri:0, instance:com.srm.framework.tests.FormTests@16612a51]" started-at="2026-04-27T16:12:12 IST" name="tearDown" finished-at="2026-04-27T16:12:13 IST" duration-ms="263" status="PASS">
          <reporter-output>
          </reporter-output>
        </test-method> <!-- tearDown -->
      </class> <!-- com.srm.framework.tests.FormTests -->
    </test> <!-- HomeAndForms -->
    <test started-at="2026-04-27T16:12:09 IST" name="DynamicAndFrames" finished-at="2026-04-27T16:13:22 IST" duration-ms="72359">
      <class name="com.srm.framework.tests.FrameTests">
        <test-method is-config="true" signature="setUp()[pri:0, instance:com.srm.framework.tests.FrameTests@3336e6b6]" started-at="2026-04-27T16:12:30 IST" name="setUp" finished-at="2026-04-27T16:12:30 IST" duration-ms="648" status="PASS">
          <reporter-output>
          </reporter-output>
        </test-method> <!-- setUp -->
        <test-method signature="shouldAccessIframeContent()[pri:0, instance:com.srm.framework.tests.FrameTests@3336e6b6]" started-at="2026-04-27T16:12:30 IST" name="shouldAccessIframeContent" description="Switch into an iframe and verify content is accessible" finished-at="2026-04-27T16:13:06 IST" duration-ms="36239" status="FAIL">
          <exception class="java.lang.AssertionError">
            <message>
              <![CDATA[Expected iframe content was not interactable. expected [true] but found [false]]]>
            </message>
            <full-stacktrace>
              <![CDATA[java.lang.AssertionError: Expected iframe content was not interactable. expected [true] but found [false]
at org.testng.Assert.fail(Assert.java:111)
at org.testng.Assert.failNotEquals(Assert.java:1590)
at org.testng.Assert.assertTrue(Assert.java:57)
at com.srm.framework.tests.FrameTests.shouldAccessIframeContent(FrameTests.java:17)
at java.base/jdk.internal.reflect.NativeMethodAccessorImpl.invoke0(Native Method)
at java.base/jdk.internal.reflect.NativeMethodAccessorImpl.invoke(NativeMethodAccessorImpl.java:77)
at java.base/jdk.internal.reflect.DelegatingMethodAccessorImpl.invoke(DelegatingMethodAccessorImpl.java:43)
at java.base/java.lang.reflect.Method.invoke(Method.java:568)
at org.testng.internal.invokers.MethodInvocationHelper.invokeMethod(MethodInvocationHelper.java:141)
at org.testng.internal.invokers.TestInvoker.invokeMethod(TestInvoker.java:687)
at org.testng.internal.invokers.TestInvoker.invokeTestMethod(TestInvoker.java:230)
at org.testng.internal.invokers.MethodRunner.runInSequence(MethodRunner.java:63)
at org.testng.internal.invokers.TestInvoker$MethodInvocationAgent.invoke(TestInvoker.java:995)
at org.testng.internal.invokers.TestInvoker.invokeTestMethods(TestInvoker.java:203)
at org.testng.internal.invokers.TestMethodWorker.invokeTestMethods(TestMethodWorker.java:154)
at org.testng.internal.invokers.TestMethodWorker.run(TestMethodWorker.java:134)
at java.base/java.util.ArrayList.forEach(ArrayList.java:1511)
at org.testng.TestRunner.privateRun(TestRunner.java:741)
at org.testng.TestRunner.run(TestRunner.java:616)
at org.testng.SuiteRunner.runTest(SuiteRunner.java:421)
at org.testng.SuiteRunner$SuiteWorker.run(SuiteRunner.java:463)
at org.testng.internal.thread.ThreadUtil.lambda$execute$0(ThreadUtil.java:64)
at java.base/java.util.concurrent.FutureTask.run(FutureTask.java:264)
at java.base/java.util.concurrent.ThreadPoolExecutor.runWorker(ThreadPoolExecutor.java:1136)
at java.base/java.util.concurrent.ThreadPoolExecutor$Worker.run(ThreadPoolExecutor.java:635)
at java.base/java.lang.Thread.run(Thread.java:842)
]]>
            </full-stacktrace>
          </exception> <!-- java.lang.AssertionError -->
          <reporter-output>
          </reporter-output>
        </test-method> <!-- shouldAccessIframeContent -->
        <test-method is-config="true" signature="tearDown()[pri:0, instance:com.srm.framework.tests.FrameTests@3336e6b6]" started-at="2026-04-27T16:13:07 IST" name="tearDown" finished-at="2026-04-27T16:13:07 IST" duration-ms="219" status="PASS">
          <reporter-output>
          </reporter-output>
        </test-method> <!-- tearDown -->
        <test-method is-config="true" signature="setUp()[pri:0, instance:com.srm.framework.tests.FrameTests@3336e6b6]" started-at="2026-04-27T16:13:07 IST" name="setUp" finished-at="2026-04-27T16:13:07 IST" duration-ms="681" status="PASS">
          <reporter-output>
          </reporter-output>
        </test-method> <!-- setUp -->
        <test-method signature="shouldAccessNestedFrameContent()[pri:0, instance:com.srm.framework.tests.FrameTests@3336e6b6]" started-at="2026-04-27T16:13:07 IST" name="shouldAccessNestedFrameContent" description="Switch into a frame page and verify nested frame content is accessible" finished-at="2026-04-27T16:13:14 IST" duration-ms="6799" status="PASS">
          <reporter-output>
          </reporter-output>
        </test-method> <!-- shouldAccessNestedFrameContent -->
        <test-method is-config="true" signature="tearDown()[pri:0, instance:com.srm.framework.tests.FrameTests@3336e6b6]" started-at="2026-04-27T16:13:14 IST" name="tearDown" finished-at="2026-04-27T16:13:14 IST" duration-ms="236" status="PASS">
          <reporter-output>
          </reporter-output>
        </test-method> <!-- tearDown -->
        <test-method is-config="true" signature="setUp()[pri:0, instance:com.srm.framework.tests.FrameTests@3336e6b6]" started-at="2026-04-27T16:13:14 IST" name="setUp" finished-at="2026-04-27T16:13:15 IST" duration-ms="675" status="PASS">
          <reporter-output>
          </reporter-output>
        </test-method> <!-- setUp -->
        <test-method signature="shouldReturnToDefaultContent()[pri:0, instance:com.srm.framework.tests.FrameTests@3336e6b6]" started-at="2026-04-27T16:13:15 IST" name="shouldReturnToDefaultContent" description="Return to the default content and verify the main page is accessible again" finished-at="2026-04-27T16:13:22 IST" duration-ms="6484" status="PASS">
          <reporter-output>
          </reporter-output>
        </test-method> <!-- shouldReturnToDefaultContent -->
        <test-method is-config="true" signature="tearDown()[pri:0, instance:com.srm.framework.tests.FrameTests@3336e6b6]" started-at="2026-04-27T16:13:22 IST" name="tearDown" finished-at="2026-04-27T16:13:22 IST" duration-ms="188" status="PASS">
          <reporter-output>
          </reporter-output>
        </test-method> <!-- tearDown -->
      </class> <!-- com.srm.framework.tests.FrameTests -->
      <class name="com.srm.framework.tests.DynamicTests">
        <test-method is-config="true" signature="setUp()[pri:0, instance:com.srm.framework.tests.DynamicTests@26adfd2d]" started-at="2026-04-27T16:12:09 IST" name="setUp" finished-at="2026-04-27T16:12:10 IST" duration-ms="749" status="PASS">
          <reporter-output>
          </reporter-output>
        </test-method> <!-- setUp -->
        <test-method signature="shouldFollowRedirect()[pri:0, instance:com.srm.framework.tests.DynamicTests@26adfd2d]" started-at="2026-04-27T16:12:10 IST" name="shouldFollowRedirect" description="Trigger the JavaScript redirect and verify the destination URL changes" finished-at="2026-04-27T16:12:22 IST" duration-ms="11860" status="PASS">
          <reporter-output>
          </reporter-output>
        </test-method> <!-- shouldFollowRedirect -->
        <test-method is-config="true" signature="tearDown()[pri:0, instance:com.srm.framework.tests.DynamicTests@26adfd2d]" started-at="2026-04-27T16:12:22 IST" name="tearDown" finished-at="2026-04-27T16:12:22 IST" duration-ms="269" status="PASS">
          <reporter-output>
          </reporter-output>
        </test-method> <!-- tearDown -->
        <test-method is-config="true" signature="setUp()[pri:0, instance:com.srm.framework.tests.DynamicTests@26adfd2d]" started-at="2026-04-27T16:12:22 IST" name="setUp" finished-at="2026-04-27T16:12:23 IST" duration-ms="773" status="PASS">
          <reporter-output>
          </reporter-output>
        </test-method> <!-- setUp -->
        <test-method signature="shouldInteractWithDynamicButton()[pri:0, instance:com.srm.framework.tests.DynamicTests@26adfd2d]" started-at="2026-04-27T16:12:23 IST" name="shouldInteractWithDynamicButton" description="Interact with a dynamically refreshed button and verify output becomes visible" finished-at="2026-04-27T16:12:29 IST" duration-ms="6200" status="PASS">
          <reporter-output>
          </reporter-output>
        </test-method> <!-- shouldInteractWithDynamicButton -->
        <test-method is-config="true" signature="tearDown()[pri:0, instance:com.srm.framework.tests.DynamicTests@26adfd2d]" started-at="2026-04-27T16:12:29 IST" name="tearDown" finished-at="2026-04-27T16:12:30 IST" duration-ms="190" status="PASS">
          <reporter-output>
          </reporter-output>
        </test-method> <!-- tearDown -->
      </class> <!-- com.srm.framework.tests.DynamicTests -->
    </test> <!-- DynamicAndFrames -->
  </suite> <!-- AdminPanelAutomationSuite -->
</testng-results>
