<?xml version="1.0" encoding="UTF-8"?>
<!-- Generated by org.testng.reporters.JUnitReportReporter -->
<testsuite hostname="Chinnu" failures="0" tests="3" name="com.srm.framework.tests.FormTests" time="34.434" errors="0" timestamp="2026-04-27T16:13:22 IST" skipped="0">
  <testcase classname="com.srm.framework.tests.FormTests" name="shouldSubmitHtmlFormWithValidData" time="13.439"/>
  <testcase classname="com.srm.framework.tests.FormTests" name="shouldHandleEmptyHtmlFormSubmission" time="9.577"/>
  <testcase classname="com.srm.framework.tests.FormTests" name="shouldSubmitHtmlFormWithValidData" time="11.418"/>
</testsuite> <!-- com.srm.framework.tests.FormTests -->
