<?xml version="1.0" encoding="UTF-8"?>
<!-- Generated by org.testng.reporters.JUnitReportReporter -->
<testsuite hostname="Chinnu" failures="0" tests="4" name="com.srm.framework.tests.AlertTests" time="25.251" errors="0" timestamp="2026-04-27T16:13:22 IST" skipped="0">
  <testcase classname="com.srm.framework.tests.AlertTests" name="shouldDismissConfirm" time="5.882"/>
  <testcase classname="com.srm.framework.tests.AlertTests" name="shouldAcceptConfirm" time="4.391"/>
  <testcase classname="com.srm.framework.tests.AlertTests" name="shouldSubmitPrompt" time="6.711"/>
  <testcase classname="com.srm.framework.tests.AlertTests" name="shouldAcceptAlert" time="8.267"/>
</testsuite> <!-- com.srm.framework.tests.AlertTests -->
