<?xml version="1.0" encoding="UTF-8"?>
<!-- Generated by org.testng.reporters.JUnitReportReporter -->
<testsuite hostname="Deeps" failures="0" tests="4" name="com.srm.framework.tests.AlertTests" time="19.017" errors="0" timestamp="2026-04-25T18:25:11 IST" skipped="0">
  <testcase classname="com.srm.framework.tests.AlertTests" name="shouldAcceptAlert" time="5.292"/>
  <testcase classname="com.srm.framework.tests.AlertTests" name="shouldAcceptConfirm" time="4.109"/>
  <testcase classname="com.srm.framework.tests.AlertTests" name="shouldDismissConfirm" time="5.493"/>
  <testcase classname="com.srm.framework.tests.AlertTests" name="shouldSubmitPrompt" time="4.123"/>
</testsuite> <!-- com.srm.framework.tests.AlertTests -->
