<?xml version="1.0" encoding="UTF-8"?>
<!-- Generated by org.testng.reporters.JUnitReportReporter -->
<testsuite hostname="Chinnu" failures="0" tests="2" name="com.srm.framework.tests.TableTests" time="13.312" errors="0" timestamp="2026-04-27T16:13:22 IST" skipped="0">
  <testcase classname="com.srm.framework.tests.TableTests" name="shouldDisplayStaticTableHeaders" time="8.528"/>
  <testcase classname="com.srm.framework.tests.TableTests" name="shouldRefreshDynamicTableRows" time="4.784"/>
</testsuite> <!-- com.srm.framework.tests.TableTests -->
