<?xml version="1.0" encoding="UTF-8"?>
<!-- Generated by org.testng.reporters.JUnitReportReporter -->
<testsuite hostname="Chinnu" failures="0" tests="2" name="com.srm.framework.tests.DynamicTests" time="20.041" errors="0" timestamp="2026-04-27T16:13:22 IST" skipped="0">
  <testcase classname="com.srm.framework.tests.DynamicTests" name="shouldFollowRedirect" time="12.878"/>
  <testcase classname="com.srm.framework.tests.DynamicTests" name="shouldInteractWithDynamicButton" time="7.163"/>
</testsuite> <!-- com.srm.framework.tests.DynamicTests -->
