<?xml version="1.0" encoding="UTF-8"?>
<!-- Generated by org.testng.reporters.JUnitReportReporter -->
<testsuite hostname="Deeps" failures="0" tests="2" name="com.srm.framework.tests.DynamicTests" time="9.858" errors="0" timestamp="2026-04-25T18:25:11 IST" skipped="0">
  <testcase classname="com.srm.framework.tests.DynamicTests" name="shouldFollowRedirect" time="6.486"/>
  <testcase classname="com.srm.framework.tests.DynamicTests" name="shouldInteractWithDynamicButton" time="3.372"/>
</testsuite> <!-- com.srm.framework.tests.DynamicTests -->
