<?xml version="1.0" encoding="UTF-8"?>
<!-- Generated by org.testng.reporters.JUnitReportReporter -->
<testsuite hostname="Deeps" failures="0" tests="3" name="com.srm.framework.tests.FrameTests" time="26.769" errors="0" timestamp="2026-04-25T18:25:11 IST" skipped="0">
  <testcase classname="com.srm.framework.tests.FrameTests" name="shouldAccessIframeContent" time="18.803"/>
  <testcase classname="com.srm.framework.tests.FrameTests" name="shouldReturnToDefaultContent" time="3.744"/>
  <testcase classname="com.srm.framework.tests.FrameTests" name="shouldAccessNestedFrameContent" time="4.222"/>
</testsuite> <!-- com.srm.framework.tests.FrameTests -->
