<?xml version="1.0" encoding="UTF-8"?>
<!-- Generated by org.testng.reporters.JUnitReportReporter -->
<testsuite hostname="Deeps" failures="0" tests="2" name="com.srm.framework.tests.TableTests" time="10.632" errors="0" timestamp="2026-04-25T18:25:11 IST" skipped="0">
  <testcase classname="com.srm.framework.tests.TableTests" name="shouldDisplayStaticTableHeaders" time="6.540"/>
  <testcase classname="com.srm.framework.tests.TableTests" name="shouldRefreshDynamicTableRows" time="4.092"/>
</testsuite> <!-- com.srm.framework.tests.TableTests -->
